{"/Users/manufit78/Proyectos/bookclub/src/ui/hooks/useClubs.ts": {"path":"/Users/manufit78/Proyectos/bookclub/src/ui/hooks/useClubs.ts","statementMap":{"0":{"start":{"line":8,"column":2},"end":{"line":13,"column":3}},"1":{"start":{"line":10,"column":6},"end":{"line":10,"column":28}},"2":{"start":{"line":11,"column":50},"end":{"line":11,"column":84}},"3":{"start":{"line":12,"column":38},"end":{"line":12,"column":62}},"4":{"start":{"line":26,"column":28},"end":{"line":26,"column":59}},"5":{"start":{"line":27,"column":32},"end":{"line":27,"column":46}},"6":{"start":{"line":28,"column":28},"end":{"line":28,"column":57}},"7":{"start":{"line":30,"column":18},"end":{"line":30,"column":55}},"8":{"start":{"line":32,"column":15},"end":{"line":43,"column":14}},"9":{"start":{"line":33,"column":4},"end":{"line":33,"column":20}},"10":{"start":{"line":34,"column":4},"end":{"line":34,"column":18}},"11":{"start":{"line":35,"column":4},"end":{"line":42,"column":5}},"12":{"start":{"line":36,"column":19},"end":{"line":36,"column":53}},"13":{"start":{"line":37,"column":6},"end":{"line":37,"column":20}},"14":{"start":{"line":39,"column":6},"end":{"line":39,"column":49}},"15":{"start":{"line":41,"column":6},"end":{"line":41,"column":23}},"16":{"start":{"line":45,"column":2},"end":{"line":47,"column":20}},"17":{"start":{"line":46,"column":4},"end":{"line":46,"column":22}},"18":{"start":{"line":46,"column":16},"end":{"line":46,"column":22}},"19":{"start":{"line":50,"column":17},"end":{"line":50,"column":67}},"20":{"start":{"line":51,"column":4},"end":{"line":51,"column":16}},"21":{"start":{"line":52,"column":4},"end":{"line":52,"column":15}},"22":{"start":{"line":56,"column":4},"end":{"line":56,"column":42}},"23":{"start":{"line":57,"column":4},"end":{"line":57,"column":16}},"24":{"start":{"line":60,"column":2},"end":{"line":60,"column":63}}},"fnMap":{"0":{"name":"createUseClubsActions","decl":{"start":{"line":7,"column":16},"end":{"line":7,"column":37}},"loc":{"start":{"line":7,"column":61},"end":{"line":14,"column":1}},"line":7},"1":{"name":"(anonymous_1)","decl":{"start":{"line":9,"column":12},"end":{"line":9,"column":13}},"loc":{"start":{"line":10,"column":6},"end":{"line":10,"column":28}},"line":10},"2":{"name":"(anonymous_2)","decl":{"start":{"line":11,"column":10},"end":{"line":11,"column":11}},"loc":{"start":{"line":11,"column":50},"end":{"line":11,"column":84}},"line":11},"3":{"name":"(anonymous_3)","decl":{"start":{"line":12,"column":18},"end":{"line":12,"column":19}},"loc":{"start":{"line":12,"column":38},"end":{"line":12,"column":62}},"line":12},"4":{"name":"useClubs","decl":{"start":{"line":25,"column":16},"end":{"line":25,"column":24}},"loc":{"start":{"line":25,"column":53},"end":{"line":61,"column":1}},"line":25},"5":{"name":"(anonymous_5)","decl":{"start":{"line":32,"column":27},"end":{"line":32,"column":28}},"loc":{"start":{"line":32,"column":39},"end":{"line":43,"column":3}},"line":32},"6":{"name":"(anonymous_6)","decl":{"start":{"line":45,"column":12},"end":{"line":45,"column":13}},"loc":{"start":{"line":45,"column":18},"end":{"line":47,"column":3}},"line":45},"7":{"name":"create","decl":{"start":{"line":49,"column":17},"end":{"line":49,"column":23}},"loc":{"start":{"line":49,"column":80},"end":{"line":53,"column":3}},"line":49},"8":{"name":"join","decl":{"start":{"line":55,"column":17},"end":{"line":55,"column":21}},"loc":{"start":{"line":55,"column":42},"end":{"line":58,"column":3}},"line":55}},"branchMap":{"0":{"loc":{"start":{"line":46,"column":4},"end":{"line":46,"column":22}},"type":"if","locations":[{"start":{"line":46,"column":4},"end":{"line":46,"column":22}},{"start":{},"end":{}}],"line":46}},"s":{"0":5,"1":2,"2":2,"3":1,"4":0,"5":0,"6":0,"7":0,"8":0,"9":0,"10":0,"11":0,"12":0,"13":0,"14":0,"15":0,"16":0,"17":0,"18":0,"19":0,"20":0,"21":0,"22":0,"23":0,"24":0},"f":{"0":5,"1":2,"2":2,"3":1,"4":0,"5":0,"6":0,"7":0,"8":0},"b":{"0":[0,0]},"_coverageSchema":"1a1c01bbd47fc00a2c39e90264f33305004495a9","hash":"b406d337504c2e4708aa5c64e213dc879ab6e100"}
,"/Users/manufit78/Proyectos/bookclub/src/usecases/clubs.ts": {"path":"/Users/manufit78/Proyectos/bookclub/src/usecases/clubs.ts","statementMap":{"0":{"start":{"line":8,"column":2},"end":{"line":8,"column":77}},"1":{"start":{"line":8,"column":25},"end":{"line":8,"column":77}},"2":{"start":{"line":9,"column":2},"end":{"line":9,"column":26}},"3":{"start":{"line":17,"column":2},"end":{"line":17,"column":83}},"4":{"start":{"line":17,"column":26},"end":{"line":17,"column":83}},"5":{"start":{"line":18,"column":2},"end":{"line":18,"column":51}},"6":{"start":{"line":25,"column":2},"end":{"line":25,"column":32}},"7":{"start":{"line":33,"column":2},"end":{"line":33,"column":33}}},"fnMap":{"0":{"name":"createClub","decl":{"start":{"line":4,"column":22},"end":{"line":4,"column":32}},"loc":{"start":{"line":7,"column":17},"end":{"line":10,"column":1}},"line":7},"1":{"name":"joinClub","decl":{"start":{"line":12,"column":22},"end":{"line":12,"column":30}},"loc":{"start":{"line":16,"column":23},"end":{"line":19,"column":1}},"line":16},"2":{"name":"getMyClubs","decl":{"start":{"line":21,"column":22},"end":{"line":21,"column":32}},"loc":{"start":{"line":24,"column":30},"end":{"line":26,"column":1}},"line":24},"3":{"name":"getClubDetail","decl":{"start":{"line":28,"column":22},"end":{"line":28,"column":35}},"loc":{"start":{"line":32,"column":35},"end":{"line":34,"column":1}},"line":32}},"branchMap":{"0":{"loc":{"start":{"line":8,"column":2},"end":{"line":8,"column":77}},"type":"if","locations":[{"start":{"line":8,"column":2},"end":{"line":8,"column":77}},{"start":{},"end":{}}],"line":8},"1":{"loc":{"start":{"line":17,"column":2},"end":{"line":17,"column":83}},"type":"if","locations":[{"start":{"line":17,"column":2},"end":{"line":17,"column":83}},{"start":{},"end":{}}],"line":17}},"s":{"0":6,"1":3,"2":3,"3":5,"4":3,"5":2,"6":3,"7":2},"f":{"0":6,"1":5,"2":3,"3":2},"b":{"0":[3,3],"1":[3,2]},"_coverageSchema":"1a1c01bbd47fc00a2c39e90264f33305004495a9","hash":"bad15c6ff90fb37b6a27d4d719b455c1925c427a"}
}
