TN:
SF:src/ui/hooks/useClubs.ts
FN:7,createUseClubsActions
FN:9,(anonymous_1)
FN:11,(anonymous_2)
FN:12,(anonymous_3)
FN:25,useClubs
FN:32,(anonymous_5)
FN:45,(anonymous_6)
FN:49,create
FN:55,join
FNF:9
FNH:4
FNDA:5,createUseClubsActions
FNDA:2,(anonymous_1)
FNDA:2,(anonymous_2)
FNDA:1,(anonymous_3)
FNDA:0,useClubs
FNDA:0,(anonymous_5)
FNDA:0,(anonymous_6)
FNDA:0,create
FNDA:0,join
DA:8,5
DA:10,2
DA:11,2
DA:12,1
DA:26,0
DA:27,0
DA:28,0
DA:30,0
DA:32,0
DA:33,0
DA:34,0
DA:35,0
DA:36,0
DA:37,0
DA:39,0
DA:41,0
DA:45,0
DA:46,0
DA:50,0
DA:51,0
DA:52,0
DA:56,0
DA:57,0
DA:60,0
LF:24
LH:4
BRDA:46,0,0,0
BRDA:46,0,1,0
BRF:2
BRH:0
end_of_record
TN:
SF:src/usecases/clubs.ts
FN:4,createClub
FN:12,joinClub
FN:21,getMyClubs
FN:28,getClubDetail
FNF:4
FNH:4
FNDA:6,createClub
FNDA:5,joinClub
FNDA:3,getMyClubs
FNDA:2,getClubDetail
DA:8,6
DA:9,3
DA:17,5
DA:18,2
DA:25,3
DA:33,2
LF:6
LH:6
BRDA:8,0,0,3
BRDA:8,0,1,3
BRDA:17,1,0,3
BRDA:17,1,1,2
BRF:4
BRH:4
end_of_record
